May 17, 2015 2:40:27 PM org.apache.solr.servlet.SolrDispatchFilter init
INFO: SolrDispatchFilter.init()
May 17, 2015 2:40:27 PM org.apache.solr.core.SolrResourceLoader locateSolrHome
INFO: JNDI not configured for solr (NoInitialContextEx)
May 17, 2015 2:40:27 PM org.apache.solr.core.SolrResourceLoader locateSolrHome
INFO: using system property solr.solr.home: /home/commander/sandbox/solr-testing/solr
May 17, 2015 2:40:27 PM org.apache.solr.core.CoreContainer$Initializer initialize
INFO: looking for solr.xml: /home/commander/sandbox/solr-testing/solr/solr.xml
May 17, 2015 2:40:27 PM org.apache.solr.core.CoreContainer <init>
INFO: New CoreContainer 2071757476
May 17, 2015 2:40:27 PM org.apache.solr.core.CoreContainer load
INFO: Loading CoreContainer using Solr Home: '/home/commander/sandbox/solr-testing/solr/'
May 17, 2015 2:40:27 PM org.apache.solr.core.SolrResourceLoader <init>
INFO: new SolrResourceLoader for directory: '/home/commander/sandbox/solr-testing/solr/'
May 17, 2015 2:40:27 PM org.apache.solr.handler.component.HttpShardHandlerFactory getParameter
INFO: Setting socketTimeout to: 0
May 17, 2015 2:40:27 PM org.apache.solr.handler.component.HttpShardHandlerFactory getParameter
INFO: Setting urlScheme to: http://
May 17, 2015 2:40:27 PM org.apache.solr.handler.component.HttpShardHandlerFactory getParameter
INFO: Setting connTimeout to: 0
May 17, 2015 2:40:27 PM org.apache.solr.handler.component.HttpShardHandlerFactory getParameter
INFO: Setting maxConnectionsPerHost to: 20
May 17, 2015 2:40:27 PM org.apache.solr.handler.component.HttpShardHandlerFactory getParameter
INFO: Setting corePoolSize to: 0
May 17, 2015 2:40:27 PM org.apache.solr.handler.component.HttpShardHandlerFactory getParameter
INFO: Setting maximumPoolSize to: 2147483647
May 17, 2015 2:40:27 PM org.apache.solr.handler.component.HttpShardHandlerFactory getParameter
INFO: Setting maxThreadIdleTime to: 5
May 17, 2015 2:40:27 PM org.apache.solr.handler.component.HttpShardHandlerFactory getParameter
INFO: Setting sizeOfQueue to: -1
May 17, 2015 2:40:27 PM org.apache.solr.handler.component.HttpShardHandlerFactory getParameter
INFO: Setting fairnessPolicy to: false
May 17, 2015 2:40:27 PM org.apache.solr.client.solrj.impl.HttpClientUtil createClient
INFO: Creating new http client, config:maxConnectionsPerHost=20&maxConnections=10000&socketTimeout=0&connTimeout=0&retry=false
May 17, 2015 2:40:27 PM org.apache.solr.core.CoreContainer load
INFO: Registering Log Listener
May 17, 2015 2:40:27 PM org.apache.solr.core.CoreContainer create
INFO: Creating SolrCore 'default' using instanceDir: /home/commander/sandbox/solr-testing/solr/.
May 17, 2015 2:40:27 PM org.apache.solr.core.CoreContainer create
INFO: Creating SolrCore 'development' using instanceDir: /home/commander/sandbox/solr-testing/solr/.
May 17, 2015 2:40:27 PM org.apache.solr.core.SolrResourceLoader <init>
INFO: new SolrResourceLoader for directory: '/home/commander/sandbox/solr-testing/solr/./'
May 17, 2015 2:40:27 PM org.apache.solr.core.CoreContainer create
INFO: Creating SolrCore 'test' using instanceDir: /home/commander/sandbox/solr-testing/solr/.
May 17, 2015 2:40:27 PM org.apache.solr.core.SolrResourceLoader <init>
INFO: new SolrResourceLoader for directory: '/home/commander/sandbox/solr-testing/solr/./'
May 17, 2015 2:40:27 PM org.apache.solr.core.SolrResourceLoader <init>
INFO: new SolrResourceLoader for directory: '/home/commander/sandbox/solr-testing/solr/./'
May 17, 2015 2:40:27 PM org.apache.solr.core.SolrConfig <init>
INFO: Using Lucene MatchVersion: LUCENE_41
May 17, 2015 2:40:27 PM org.apache.solr.core.SolrConfig <init>
INFO: Using Lucene MatchVersion: LUCENE_41
May 17, 2015 2:40:27 PM org.apache.solr.core.SolrConfig <init>
INFO: Using Lucene MatchVersion: LUCENE_41
May 17, 2015 2:40:27 PM org.apache.solr.core.SolrConfig <init>
INFO: Loaded SolrConfig: solrconfig.xml
May 17, 2015 2:40:27 PM org.apache.solr.schema.IndexSchema readSchema
INFO: Reading Solr Schema
May 17, 2015 2:40:27 PM org.apache.solr.core.SolrConfig <init>
INFO: Loaded SolrConfig: solrconfig.xml
May 17, 2015 2:40:27 PM org.apache.solr.schema.IndexSchema readSchema
INFO: Reading Solr Schema
May 17, 2015 2:40:27 PM org.apache.solr.core.SolrConfig <init>
INFO: Loaded SolrConfig: solrconfig.xml
May 17, 2015 2:40:27 PM org.apache.solr.schema.IndexSchema readSchema
INFO: Reading Solr Schema
May 17, 2015 2:40:27 PM org.apache.solr.schema.IndexSchema readSchema
INFO: Schema name=sunspot
May 17, 2015 2:40:27 PM org.apache.solr.schema.IndexSchema readSchema
INFO: Schema name=sunspot
May 17, 2015 2:40:27 PM org.apache.solr.schema.IndexSchema readSchema
INFO: Schema name=sunspot
May 17, 2015 2:40:27 PM org.apache.solr.schema.IndexSchema readSchema
INFO: default search field in schema is text
May 17, 2015 2:40:27 PM org.apache.solr.schema.IndexSchema readSchema
INFO: query parser default operator is AND
May 17, 2015 2:40:27 PM org.apache.solr.schema.IndexSchema readSchema
INFO: unique key field: id
May 17, 2015 2:40:27 PM org.apache.solr.schema.IndexSchema readSchema
INFO: default search field in schema is text
May 17, 2015 2:40:27 PM org.apache.solr.schema.IndexSchema readSchema
INFO: query parser default operator is AND
May 17, 2015 2:40:27 PM org.apache.solr.schema.IndexSchema readSchema
INFO: unique key field: id
May 17, 2015 2:40:27 PM org.apache.solr.core.SolrCore <init>
INFO: [test] Opening new SolrCore at /home/commander/sandbox/solr-testing/solr/./, dataDir=/home/commander/sandbox/solr-testing/solr/./test/data/
May 17, 2015 2:40:27 PM org.apache.solr.core.SolrCore <init>
INFO: JMX monitoring not detected for core: test
May 17, 2015 2:40:27 PM org.apache.solr.core.SolrCore <init>
INFO: [development] Opening new SolrCore at /home/commander/sandbox/solr-testing/solr/./, dataDir=/home/commander/sandbox/solr-testing/solr/./development/data/
May 17, 2015 2:40:27 PM org.apache.solr.core.SolrCore <init>
INFO: JMX monitoring not detected for core: development
May 17, 2015 2:40:27 PM org.apache.solr.core.SolrCore initDirectoryFactory
INFO: solr.NRTCachingDirectoryFactory
May 17, 2015 2:40:27 PM org.apache.solr.core.SolrCore initDirectoryFactory
INFO: solr.NRTCachingDirectoryFactory
May 17, 2015 2:40:27 PM org.apache.solr.schema.IndexSchema readSchema
INFO: default search field in schema is text
May 17, 2015 2:40:27 PM org.apache.solr.schema.IndexSchema readSchema
INFO: query parser default operator is AND
May 17, 2015 2:40:27 PM org.apache.solr.schema.IndexSchema readSchema
INFO: unique key field: id
May 17, 2015 2:40:27 PM org.apache.solr.core.SolrCore <init>
INFO: [default] Opening new SolrCore at /home/commander/sandbox/solr-testing/solr/./, dataDir=/home/commander/sandbox/solr-testing/solr/./default/data/
May 17, 2015 2:40:27 PM org.apache.solr.core.SolrCore <init>
INFO: JMX monitoring not detected for core: default
May 17, 2015 2:40:27 PM org.apache.solr.core.CachingDirectoryFactory get
INFO: return new directory for /home/commander/sandbox/solr-testing/solr/./development/data forceNew: false
May 17, 2015 2:40:27 PM org.apache.solr.core.CachingDirectoryFactory get
INFO: return new directory for /home/commander/sandbox/solr-testing/solr/./test/data forceNew: false
May 17, 2015 2:40:27 PM org.apache.solr.core.SolrCore initDirectoryFactory
INFO: solr.NRTCachingDirectoryFactory
May 17, 2015 2:40:27 PM org.apache.solr.core.SolrCore getNewIndexDir
INFO: New index directory detected: old=null new=/home/commander/sandbox/solr-testing/solr/./development/data/index/
May 17, 2015 2:40:27 PM org.apache.solr.core.SolrCore getNewIndexDir
INFO: New index directory detected: old=null new=/home/commander/sandbox/solr-testing/solr/./test/data/index/
May 17, 2015 2:40:27 PM org.apache.solr.core.CachingDirectoryFactory get
INFO: return new directory for /home/commander/sandbox/solr-testing/solr/./development/data/index forceNew: false
May 17, 2015 2:40:27 PM org.apache.solr.core.CachingDirectoryFactory get
INFO: return new directory for /home/commander/sandbox/solr-testing/solr/./test/data/index forceNew: false
May 17, 2015 2:40:27 PM org.apache.solr.core.CachingDirectoryFactory get
INFO: return new directory for /home/commander/sandbox/solr-testing/solr/./default/data forceNew: false
May 17, 2015 2:40:27 PM org.apache.solr.core.SolrCore getNewIndexDir
INFO: New index directory detected: old=null new=/home/commander/sandbox/solr-testing/solr/./default/data/index/
May 17, 2015 2:40:27 PM org.apache.solr.core.CachingDirectoryFactory get
INFO: return new directory for /home/commander/sandbox/solr-testing/solr/./default/data/index forceNew: false
May 17, 2015 2:40:27 PM org.apache.solr.core.RequestHandlers initHandlersFromConfig
INFO: created /select: solr.SearchHandler
May 17, 2015 2:40:27 PM org.apache.solr.core.RequestHandlers initHandlersFromConfig
INFO: created /query: solr.SearchHandler
May 17, 2015 2:40:27 PM org.apache.solr.core.RequestHandlers initHandlersFromConfig
INFO: created /get: solr.RealTimeGetHandler
May 17, 2015 2:40:27 PM org.apache.solr.core.RequestHandlers initHandlersFromConfig
INFO: created /select: solr.SearchHandler
May 17, 2015 2:40:27 PM org.apache.solr.core.RequestHandlers initHandlersFromConfig
INFO: created /update: solr.UpdateRequestHandler
May 17, 2015 2:40:27 PM org.apache.solr.core.RequestHandlers initHandlersFromConfig
INFO: created /select: solr.SearchHandler
May 17, 2015 2:40:27 PM org.apache.solr.core.RequestHandlers initHandlersFromConfig
INFO: created /query: solr.SearchHandler
May 17, 2015 2:40:27 PM org.apache.solr.core.RequestHandlers initHandlersFromConfig
INFO: created /get: solr.RealTimeGetHandler
May 17, 2015 2:40:27 PM org.apache.solr.core.RequestHandlers initHandlersFromConfig
INFO: created /update: solr.UpdateRequestHandler
May 17, 2015 2:40:27 PM org.apache.solr.core.RequestHandlers initHandlersFromConfig
INFO: created /update/json: solr.JsonUpdateRequestHandler
May 17, 2015 2:40:27 PM org.apache.solr.core.RequestHandlers initHandlersFromConfig
INFO: created /query: solr.SearchHandler
May 17, 2015 2:40:27 PM org.apache.solr.core.RequestHandlers initHandlersFromConfig
INFO: created /update/json: solr.JsonUpdateRequestHandler
May 17, 2015 2:40:27 PM org.apache.solr.core.RequestHandlers initHandlersFromConfig
INFO: created /get: solr.RealTimeGetHandler
May 17, 2015 2:40:27 PM org.apache.solr.core.RequestHandlers initHandlersFromConfig
INFO: created /update/csv: solr.CSVRequestHandler
May 17, 2015 2:40:27 PM org.apache.solr.core.RequestHandlers initHandlersFromConfig
INFO: created /update: solr.UpdateRequestHandler
May 17, 2015 2:40:27 PM org.apache.solr.core.RequestHandlers initHandlersFromConfig
INFO: created /update/csv: solr.CSVRequestHandler
May 17, 2015 2:40:27 PM org.apache.solr.core.RequestHandlers initHandlersFromConfig
INFO: adding lazy requestHandler: solr.extraction.ExtractingRequestHandler
May 17, 2015 2:40:27 PM org.apache.solr.core.RequestHandlers initHandlersFromConfig
INFO: created /update/json: solr.JsonUpdateRequestHandler
May 17, 2015 2:40:27 PM org.apache.solr.core.RequestHandlers initHandlersFromConfig
INFO: adding lazy requestHandler: solr.extraction.ExtractingRequestHandler
May 17, 2015 2:40:27 PM org.apache.solr.core.RequestHandlers initHandlersFromConfig
INFO: created /update/csv: solr.CSVRequestHandler
May 17, 2015 2:40:27 PM org.apache.solr.core.RequestHandlers initHandlersFromConfig
INFO: adding lazy requestHandler: solr.extraction.ExtractingRequestHandler
May 17, 2015 2:40:27 PM org.apache.solr.core.RequestHandlers initHandlersFromConfig
INFO: created /update/extract: solr.extraction.ExtractingRequestHandler
May 17, 2015 2:40:27 PM org.apache.solr.core.RequestHandlers initHandlersFromConfig
INFO: created /update/extract: solr.extraction.ExtractingRequestHandler
May 17, 2015 2:40:27 PM org.apache.solr.core.RequestHandlers initHandlersFromConfig
INFO: created /update/extract: solr.extraction.ExtractingRequestHandler
May 17, 2015 2:40:27 PM org.apache.solr.core.RequestHandlers initHandlersFromConfig
INFO: adding lazy requestHandler: solr.FieldAnalysisRequestHandler
May 17, 2015 2:40:27 PM org.apache.solr.core.RequestHandlers initHandlersFromConfig
INFO: adding lazy requestHandler: solr.FieldAnalysisRequestHandler
May 17, 2015 2:40:27 PM org.apache.solr.core.RequestHandlers initHandlersFromConfig
INFO: created /analysis/field: solr.FieldAnalysisRequestHandler
May 17, 2015 2:40:27 PM org.apache.solr.core.RequestHandlers initHandlersFromConfig
INFO: adding lazy requestHandler: solr.DocumentAnalysisRequestHandler
May 17, 2015 2:40:27 PM org.apache.solr.core.RequestHandlers initHandlersFromConfig
INFO: adding lazy requestHandler: solr.FieldAnalysisRequestHandler
May 17, 2015 2:40:27 PM org.apache.solr.core.RequestHandlers initHandlersFromConfig
INFO: created /analysis/document: solr.DocumentAnalysisRequestHandler
May 17, 2015 2:40:27 PM org.apache.solr.core.RequestHandlers initHandlersFromConfig
INFO: created /analysis/field: solr.FieldAnalysisRequestHandler
May 17, 2015 2:40:27 PM org.apache.solr.core.RequestHandlers initHandlersFromConfig
INFO: adding lazy requestHandler: solr.DocumentAnalysisRequestHandler
May 17, 2015 2:40:27 PM org.apache.solr.core.RequestHandlers initHandlersFromConfig
INFO: created /analysis/document: solr.DocumentAnalysisRequestHandler
May 17, 2015 2:40:27 PM org.apache.solr.core.RequestHandlers initHandlersFromConfig
INFO: created /analysis/field: solr.FieldAnalysisRequestHandler
May 17, 2015 2:40:27 PM org.apache.solr.core.RequestHandlers initHandlersFromConfig
INFO: created /admin/ping: solr.PingRequestHandler
May 17, 2015 2:40:27 PM org.apache.solr.core.RequestHandlers initHandlersFromConfig
INFO: created /admin/ping: solr.PingRequestHandler
May 17, 2015 2:40:27 PM org.apache.solr.core.RequestHandlers initHandlersFromConfig
INFO: adding lazy requestHandler: solr.DocumentAnalysisRequestHandler
May 17, 2015 2:40:27 PM org.apache.solr.core.RequestHandlers initHandlersFromConfig
INFO: created /analysis/document: solr.DocumentAnalysisRequestHandler
May 17, 2015 2:40:27 PM org.apache.solr.core.RequestHandlers initHandlersFromConfig
INFO: created /debug/dump: solr.DumpRequestHandler
May 17, 2015 2:40:27 PM org.apache.solr.core.RequestHandlers initHandlersFromConfig
INFO: created /admin/ping: solr.PingRequestHandler
May 17, 2015 2:40:27 PM org.apache.solr.core.RequestHandlers initHandlersFromConfig
INFO: created /debug/dump: solr.DumpRequestHandler
May 17, 2015 2:40:27 PM org.apache.solr.core.RequestHandlers initHandlersFromConfig
INFO: created /debug/dump: solr.DumpRequestHandler
May 17, 2015 2:40:27 PM org.apache.solr.core.RequestHandlers initHandlersFromConfig
INFO: created /replication: solr.ReplicationHandler
May 17, 2015 2:40:27 PM org.apache.solr.core.RequestHandlers initHandlersFromConfig
INFO: created /replication: solr.ReplicationHandler
May 17, 2015 2:40:27 PM org.apache.solr.core.RequestHandlers initHandlersFromConfig
INFO: created /replication: solr.ReplicationHandler
May 17, 2015 2:40:27 PM org.apache.solr.core.RequestHandlers initHandlersFromConfig
INFO: created /mlt: solr.MoreLikeThisHandler
May 17, 2015 2:40:27 PM org.apache.solr.core.RequestHandlers initHandlersFromConfig
INFO: created /mlt: solr.MoreLikeThisHandler
May 17, 2015 2:40:27 PM org.apache.solr.core.RequestHandlers initHandlersFromConfig
INFO: created /admin/: solr.admin.AdminHandlers
May 17, 2015 2:40:27 PM org.apache.solr.core.RequestHandlers initHandlersFromConfig
INFO: created /mlt: solr.MoreLikeThisHandler
May 17, 2015 2:40:27 PM org.apache.solr.core.RequestHandlers initHandlersFromConfig
INFO: created /admin/: solr.admin.AdminHandlers
May 17, 2015 2:40:27 PM org.apache.solr.core.RequestHandlers initHandlersFromConfig
INFO: created /admin/: solr.admin.AdminHandlers
May 17, 2015 2:40:27 PM org.apache.solr.handler.loader.XMLLoader init
INFO: xsltCacheLifetimeSeconds=60
May 17, 2015 2:40:27 PM org.apache.solr.handler.loader.XMLLoader init
INFO: xsltCacheLifetimeSeconds=60
May 17, 2015 2:40:27 PM org.apache.solr.handler.loader.XMLLoader init
INFO: xsltCacheLifetimeSeconds=60
May 17, 2015 2:40:27 PM org.apache.solr.handler.loader.XMLLoader init
INFO: xsltCacheLifetimeSeconds=60
May 17, 2015 2:40:27 PM org.apache.solr.handler.loader.XMLLoader init
INFO: xsltCacheLifetimeSeconds=60
May 17, 2015 2:40:27 PM org.apache.solr.handler.loader.XMLLoader init
INFO: xsltCacheLifetimeSeconds=60
May 17, 2015 2:40:27 PM org.apache.solr.handler.loader.XMLLoader init
INFO: xsltCacheLifetimeSeconds=60
May 17, 2015 2:40:27 PM org.apache.solr.handler.loader.XMLLoader init
INFO: xsltCacheLifetimeSeconds=60
May 17, 2015 2:40:27 PM org.apache.solr.handler.loader.XMLLoader init
INFO: xsltCacheLifetimeSeconds=60
May 17, 2015 2:40:27 PM org.apache.solr.search.SolrIndexSearcher <init>
INFO: Opening Searcher@7fee5d main
May 17, 2015 2:40:27 PM org.apache.solr.search.SolrIndexSearcher <init>
INFO: Opening Searcher@460e5e84 main
May 17, 2015 2:40:28 PM org.apache.solr.update.CommitTracker <init>
INFO: Hard AutoCommit: if uncommited for 15000ms; 
May 17, 2015 2:40:28 PM org.apache.solr.update.CommitTracker <init>
INFO: Hard AutoCommit: if uncommited for 15000ms; 
May 17, 2015 2:40:28 PM org.apache.solr.update.CommitTracker <init>
INFO: Soft AutoCommit: if uncommited for 5000ms; 
May 17, 2015 2:40:28 PM org.apache.solr.handler.component.SpellCheckComponent inform
INFO: Initializing spell checkers
May 17, 2015 2:40:28 PM org.apache.solr.update.CommitTracker <init>
INFO: Soft AutoCommit: if uncommited for 5000ms; 
May 17, 2015 2:40:28 PM org.apache.solr.handler.component.SpellCheckComponent inform
INFO: Initializing spell checkers
May 17, 2015 2:40:28 PM org.apache.solr.search.SolrIndexSearcher <init>
INFO: Opening Searcher@1c684415 main
May 17, 2015 2:40:28 PM org.apache.solr.update.CommitTracker <init>
INFO: Hard AutoCommit: if uncommited for 15000ms; 
May 17, 2015 2:40:28 PM org.apache.solr.update.CommitTracker <init>
INFO: Soft AutoCommit: if uncommited for 5000ms; 
May 17, 2015 2:40:28 PM org.apache.solr.handler.component.SpellCheckComponent inform
INFO: Initializing spell checkers
May 17, 2015 2:40:28 PM org.apache.solr.handler.component.SpellCheckComponent inform
INFO: Registering newSearcher listener for spellchecker: default
May 17, 2015 2:40:28 PM org.apache.solr.handler.component.SpellCheckComponent inform
INFO: Registering newSearcher listener for spellchecker: default
May 17, 2015 2:40:28 PM org.apache.solr.handler.component.SpellCheckComponent inform
INFO: Registering newSearcher listener for spellchecker: default
May 17, 2015 2:40:28 PM org.apache.solr.spelling.DirectSolrSpellChecker init
INFO: init: {name=example,field=title_text,buildOnCommit=true,classname=solr.DirectSolrSpellChecker,distanceMeasure=internal,accuracy=0.5,maxEdits=2,minPrefix=1,maxInspections=5,minQueryLength=4,maxQueryFrequency=0.01}
May 17, 2015 2:40:28 PM org.apache.solr.spelling.DirectSolrSpellChecker init
INFO: init: {name=example,field=title_text,buildOnCommit=true,classname=solr.DirectSolrSpellChecker,distanceMeasure=internal,accuracy=0.5,maxEdits=2,minPrefix=1,maxInspections=5,minQueryLength=4,maxQueryFrequency=0.01}
May 17, 2015 2:40:28 PM org.apache.solr.spelling.DirectSolrSpellChecker init
INFO: init: {name=example,field=title_text,buildOnCommit=true,classname=solr.DirectSolrSpellChecker,distanceMeasure=internal,accuracy=0.5,maxEdits=2,minPrefix=1,maxInspections=5,minQueryLength=4,maxQueryFrequency=0.01}
May 17, 2015 2:40:28 PM org.apache.solr.handler.component.SpellCheckComponent inform
INFO: Registering newSearcher listener for spellchecker: example
May 17, 2015 2:40:28 PM org.apache.solr.handler.component.SpellCheckComponent inform
INFO: Registering newSearcher listener for spellchecker: example
May 17, 2015 2:40:28 PM org.apache.solr.handler.component.SpellCheckComponent inform
INFO: Registering newSearcher listener for spellchecker: example
May 17, 2015 2:40:28 PM org.apache.solr.handler.component.SpellCheckComponent inform
INFO: No queryConverter defined, using default converter
May 17, 2015 2:40:28 PM org.apache.solr.handler.component.SpellCheckComponent inform
INFO: No queryConverter defined, using default converter
May 17, 2015 2:40:28 PM org.apache.solr.handler.component.SpellCheckComponent inform
INFO: No queryConverter defined, using default converter
May 17, 2015 2:40:28 PM org.apache.solr.handler.ReplicationHandler inform
INFO: Commits will be reserved for  10000
May 17, 2015 2:40:28 PM org.apache.solr.handler.ReplicationHandler inform
INFO: Commits will be reserved for  10000
May 17, 2015 2:40:28 PM org.apache.solr.handler.ReplicationHandler inform
INFO: Commits will be reserved for  10000
May 17, 2015 2:40:28 PM org.apache.solr.core.SolrCore registerSearcher
INFO: [test] Registered new searcher Searcher@460e5e84 main{StandardDirectoryReader(segments_1:1)}
May 17, 2015 2:40:28 PM org.apache.solr.core.CoreContainer registerCore
INFO: registering core: default
May 17, 2015 2:40:28 PM org.apache.solr.core.CoreContainer registerCore
INFO: registering core: test
May 17, 2015 2:40:28 PM org.apache.solr.core.CoreContainer registerCore
INFO: registering core: development
May 17, 2015 2:40:28 PM org.apache.solr.core.SolrCore registerSearcher
INFO: [default] Registered new searcher Searcher@1c684415 main{StandardDirectoryReader(segments_2:3 _0(4.2):C1)}
May 17, 2015 2:40:28 PM org.apache.solr.core.SolrCore registerSearcher
INFO: [development] Registered new searcher Searcher@7fee5d main{StandardDirectoryReader(segments_1:1)}
May 17, 2015 2:40:28 PM org.apache.solr.servlet.SolrDispatchFilter init
INFO: user.dir=/home/commander/.rvm/gems/ruby-2.2.1/gems/sunspot_solr-2.2.0/solr
May 17, 2015 2:40:28 PM org.apache.solr.servlet.SolrDispatchFilter init
INFO: SolrDispatchFilter.init() done
May 17, 2015 2:40:30 PM org.apache.solr.core.SolrDeletionPolicy onInit
INFO: SolrDeletionPolicy.onInit: commits:num=1
	commit{dir=NRTCachingDirectory(org.apache.lucene.store.MMapDirectory@/home/commander/sandbox/solr-testing/solr/default/data/index lockFactory=org.apache.lucene.store.NativeFSLockFactory@2d353425; maxCacheMB=48.0 maxMergeSizeMB=4.0),segFN=segments_2,generation=2,filenames=[_0.fnm, _0_Lucene41_0.doc, _0_Lucene41_0.pos, _0.nvd, segments_2, _0.fdx, _0.nvm, _0.si, _0_Lucene41_0.tim, _0_Lucene41_0.tip, _0.fdt]
May 17, 2015 2:40:30 PM org.apache.solr.core.SolrDeletionPolicy updateCommits
INFO: newest commit = 2[_0.fnm, _0_Lucene41_0.doc, _0_Lucene41_0.pos, _0.nvd, segments_2, _0.fdx, _0.nvm, _0.si, _0_Lucene41_0.tim, _0_Lucene41_0.tip, _0.fdt]
May 17, 2015 2:40:30 PM org.apache.solr.update.processor.LogUpdateProcessor finish
INFO: [default] webapp=/solr path=/update params={wt=ruby} {add=[Post 1 (1501443423898435584)]} 0 61
May 17, 2015 2:40:35 PM org.apache.solr.update.DirectUpdateHandler2 commit
INFO: start commit{,optimize=false,openSearcher=true,waitSearcher=true,expungeDeletes=false,softCommit=true,prepareCommit=false}
May 17, 2015 2:40:35 PM org.apache.solr.search.SolrIndexSearcher <init>
INFO: Opening Searcher@75327a83 main
May 17, 2015 2:40:35 PM org.apache.solr.update.DirectUpdateHandler2 commit
INFO: end_commit_flush
May 17, 2015 2:40:35 PM org.apache.solr.handler.component.SpellCheckComponent$SpellCheckerListener buildSpellIndex
INFO: Building spell index for spell checker: default
May 17, 2015 2:40:35 PM org.apache.solr.core.SolrCore execute
INFO: [default] webapp=/solr path=/select params={indent=true&q=*:*&wt=xml} hits=1 status=0 QTime=23 
May 17, 2015 2:40:36 PM org.apache.solr.handler.component.SpellCheckComponent$SpellCheckerListener buildSpellIndex
INFO: Building spell index for spell checker: example
May 17, 2015 2:40:36 PM org.apache.solr.core.SolrCore registerSearcher
INFO: [default] Registered new searcher Searcher@75327a83 main{StandardDirectoryReader(segments_2:7:nrt _1(4.2):C1)}
May 17, 2015 2:40:36 PM org.apache.solr.core.SolrCore execute
INFO: [default] webapp=/solr path=/select params={indent=true&q=*:*&wt=xml} hits=1 status=0 QTime=1 
May 17, 2015 2:40:45 PM org.apache.solr.update.DirectUpdateHandler2 commit
INFO: start commit{,optimize=false,openSearcher=false,waitSearcher=true,expungeDeletes=false,softCommit=false,prepareCommit=false}
May 17, 2015 2:40:46 PM org.apache.solr.core.SolrDeletionPolicy onCommit
INFO: SolrDeletionPolicy.onCommit: commits:num=2
	commit{dir=NRTCachingDirectory(org.apache.lucene.store.MMapDirectory@/home/commander/sandbox/solr-testing/solr/default/data/index lockFactory=org.apache.lucene.store.NativeFSLockFactory@2d353425; maxCacheMB=48.0 maxMergeSizeMB=4.0),segFN=segments_2,generation=2,filenames=[_0.fnm, _0_Lucene41_0.doc, _0_Lucene41_0.pos, _0.nvd, segments_2, _0.fdx, _0.nvm, _0.si, _0_Lucene41_0.tim, _0_Lucene41_0.tip, _0.fdt]
	commit{dir=NRTCachingDirectory(org.apache.lucene.store.MMapDirectory@/home/commander/sandbox/solr-testing/solr/default/data/index lockFactory=org.apache.lucene.store.NativeFSLockFactory@2d353425; maxCacheMB=48.0 maxMergeSizeMB=4.0),segFN=segments_3,generation=3,filenames=[_1.fdx, _1_Lucene41_0.pos, _1.nvm, _1_Lucene41_0.doc, _1.fdt, _1.si, _1_Lucene41_0.tim, _1.nvd, _1_Lucene41_0.tip, _1.fnm, segments_3]
May 17, 2015 2:40:46 PM org.apache.solr.core.SolrDeletionPolicy updateCommits
INFO: newest commit = 3[_1.fdx, _1_Lucene41_0.pos, _1.nvm, _1_Lucene41_0.doc, _1.fdt, _1.si, _1_Lucene41_0.tim, _1.nvd, _1_Lucene41_0.tip, _1.fnm, segments_3]
May 17, 2015 2:40:46 PM org.apache.solr.update.DirectUpdateHandler2 commit
INFO: end_commit_flush
